Determining if the pthread_create exist failed with the following output:
Change Dir: /home/pi/catkin_py/catkin_robo_ws/build/CMakeFiles/CMakeTmp

Run Build Command:"/usr/bin/make" "cmTC_1e3d6/fast"
/usr/bin/make -f CMakeFiles/cmTC_1e3d6.dir/build.make CMakeFiles/cmTC_1e3d6.dir/build
make[1]: Entering directory '/home/pi/catkin_py/catkin_robo_ws/build/CMakeFiles/CMakeTmp'
Building C object CMakeFiles/cmTC_1e3d6.dir/CheckSymbolExists.c.o
/usr/bin/cc     -o CMakeFiles/cmTC_1e3d6.dir/CheckSymbolExists.c.o   -c /home/pi/catkin_py/catkin_robo_ws/build/CMakeFiles/CMakeTmp/CheckSymbolExists.c
Linking C executable cmTC_1e3d6
/usr/bin/cmake -E cmake_link_script CMakeFiles/cmTC_1e3d6.dir/link.txt --verbose=1
/usr/bin/cc       CMakeFiles/cmTC_1e3d6.dir/CheckSymbolExists.c.o  -o cmTC_1e3d6 -rdynamic 
CMakeFiles/cmTC_1e3d6.dir/CheckSymbolExists.c.o: In function `main':
CheckSymbolExists.c:(.text+0xe): undefined reference to `pthread_create'
CheckSymbolExists.c:(.text+0x12): undefined reference to `pthread_create'
collect2: error: ld returned 1 exit status
CMakeFiles/cmTC_1e3d6.dir/build.make:97: recipe for target 'cmTC_1e3d6' failed
make[1]: *** [cmTC_1e3d6] Error 1
make[1]: Leaving directory '/home/pi/catkin_py/catkin_robo_ws/build/CMakeFiles/CMakeTmp'
Makefile:126: recipe for target 'cmTC_1e3d6/fast' failed
make: *** [cmTC_1e3d6/fast] Error 2

File /home/pi/catkin_py/catkin_robo_ws/build/CMakeFiles/CMakeTmp/CheckSymbolExists.c:
/* */
#include <pthread.h>

int main(int argc, char** argv)
{
  (void)argv;
#ifndef pthread_create
  return ((int*)(&pthread_create))[argc];
#else
  (void)argc;
  return 0;
#endif
}

Determining if the function pthread_create exists in the pthreads failed with the following output:
Change Dir: /home/pi/catkin_py/catkin_robo_ws/build/CMakeFiles/CMakeTmp

Run Build Command:"/usr/bin/make" "cmTC_84bcc/fast"
/usr/bin/make -f CMakeFiles/cmTC_84bcc.dir/build.make CMakeFiles/cmTC_84bcc.dir/build
make[1]: Entering directory '/home/pi/catkin_py/catkin_robo_ws/build/CMakeFiles/CMakeTmp'
Building C object CMakeFiles/cmTC_84bcc.dir/CheckFunctionExists.c.o
/usr/bin/cc    -DCHECK_FUNCTION_EXISTS=pthread_create   -o CMakeFiles/cmTC_84bcc.dir/CheckFunctionExists.c.o   -c /usr/share/cmake-3.5/Modules/CheckFunctionExists.c
Linking C executable cmTC_84bcc
/usr/bin/cmake -E cmake_link_script CMakeFiles/cmTC_84bcc.dir/link.txt --verbose=1
/usr/bin/cc   -DCHECK_FUNCTION_EXISTS=pthread_create    CMakeFiles/cmTC_84bcc.dir/CheckFunctionExists.c.o  -o cmTC_84bcc -rdynamic -lpthreads 
/usr/bin/ld: cannot find -lpthreads
collect2: error: ld returned 1 exit status
CMakeFiles/cmTC_84bcc.dir/build.make:97: recipe for target 'cmTC_84bcc' failed
make[1]: *** [cmTC_84bcc] Error 1
make[1]: Leaving directory '/home/pi/catkin_py/catkin_robo_ws/build/CMakeFiles/CMakeTmp'
Makefile:126: recipe for target 'cmTC_84bcc/fast' failed
make: *** [cmTC_84bcc/fast] Error 2


Determining if the Q_WS_WIN exist failed with the following output:
Change Dir: /home/pi/catkin_py/catkin_robo_ws/build/CMakeFiles/CMakeTmp

Run Build Command:"/usr/bin/make" "cmTC_de37f/fast"
/usr/bin/make -f CMakeFiles/cmTC_de37f.dir/build.make CMakeFiles/cmTC_de37f.dir/build
make[1]: Entering directory '/home/pi/catkin_py/catkin_robo_ws/build/CMakeFiles/CMakeTmp'
Building CXX object CMakeFiles/cmTC_de37f.dir/CheckSymbolExists.cxx.o
/usr/bin/c++    -I/usr/include/qt4   -o CMakeFiles/cmTC_de37f.dir/CheckSymbolExists.cxx.o -c /home/pi/catkin_py/catkin_robo_ws/build/CMakeFiles/CMakeTmp/CheckSymbolExists.cxx
/home/pi/catkin_py/catkin_robo_ws/build/CMakeFiles/CMakeTmp/CheckSymbolExists.cxx: In function ‘int main(int, char**)’:
/home/pi/catkin_py/catkin_robo_ws/build/CMakeFiles/CMakeTmp/CheckSymbolExists.cxx:8:19: error: ‘Q_WS_WIN’ was not declared in this scope
   return ((int*)(&Q_WS_WIN))[argc];
                   ^
CMakeFiles/cmTC_de37f.dir/build.make:65: recipe for target 'CMakeFiles/cmTC_de37f.dir/CheckSymbolExists.cxx.o' failed
make[1]: *** [CMakeFiles/cmTC_de37f.dir/CheckSymbolExists.cxx.o] Error 1
make[1]: Leaving directory '/home/pi/catkin_py/catkin_robo_ws/build/CMakeFiles/CMakeTmp'
Makefile:126: recipe for target 'cmTC_de37f/fast' failed
make: *** [cmTC_de37f/fast] Error 2

File /home/pi/catkin_py/catkin_robo_ws/build/CMakeFiles/CMakeTmp/CheckSymbolExists.cxx:
/* */
#include <QtCore/qglobal.h>

int main(int argc, char** argv)
{
  (void)argv;
#ifndef Q_WS_WIN
  return ((int*)(&Q_WS_WIN))[argc];
#else
  (void)argc;
  return 0;
#endif
}

Determining if the Q_WS_QWS exist failed with the following output:
Change Dir: /home/pi/catkin_py/catkin_robo_ws/build/CMakeFiles/CMakeTmp

Run Build Command:"/usr/bin/make" "cmTC_cf298/fast"
/usr/bin/make -f CMakeFiles/cmTC_cf298.dir/build.make CMakeFiles/cmTC_cf298.dir/build
make[1]: Entering directory '/home/pi/catkin_py/catkin_robo_ws/build/CMakeFiles/CMakeTmp'
Building CXX object CMakeFiles/cmTC_cf298.dir/CheckSymbolExists.cxx.o
/usr/bin/c++    -I/usr/include/qt4   -o CMakeFiles/cmTC_cf298.dir/CheckSymbolExists.cxx.o -c /home/pi/catkin_py/catkin_robo_ws/build/CMakeFiles/CMakeTmp/CheckSymbolExists.cxx
/home/pi/catkin_py/catkin_robo_ws/build/CMakeFiles/CMakeTmp/CheckSymbolExists.cxx: In function ‘int main(int, char**)’:
/home/pi/catkin_py/catkin_robo_ws/build/CMakeFiles/CMakeTmp/CheckSymbolExists.cxx:8:19: error: ‘Q_WS_QWS’ was not declared in this scope
   return ((int*)(&Q_WS_QWS))[argc];
                   ^
CMakeFiles/cmTC_cf298.dir/build.make:65: recipe for target 'CMakeFiles/cmTC_cf298.dir/CheckSymbolExists.cxx.o' failed
make[1]: *** [CMakeFiles/cmTC_cf298.dir/CheckSymbolExists.cxx.o] Error 1
make[1]: Leaving directory '/home/pi/catkin_py/catkin_robo_ws/build/CMakeFiles/CMakeTmp'
Makefile:126: recipe for target 'cmTC_cf298/fast' failed
make: *** [cmTC_cf298/fast] Error 2

File /home/pi/catkin_py/catkin_robo_ws/build/CMakeFiles/CMakeTmp/CheckSymbolExists.cxx:
/* */
#include <QtCore/qglobal.h>

int main(int argc, char** argv)
{
  (void)argv;
#ifndef Q_WS_QWS
  return ((int*)(&Q_WS_QWS))[argc];
#else
  (void)argc;
  return 0;
#endif
}

Determining if the Q_WS_MAC exist failed with the following output:
Change Dir: /home/pi/catkin_py/catkin_robo_ws/build/CMakeFiles/CMakeTmp

Run Build Command:"/usr/bin/make" "cmTC_9ddd0/fast"
/usr/bin/make -f CMakeFiles/cmTC_9ddd0.dir/build.make CMakeFiles/cmTC_9ddd0.dir/build
make[1]: Entering directory '/home/pi/catkin_py/catkin_robo_ws/build/CMakeFiles/CMakeTmp'
Building CXX object CMakeFiles/cmTC_9ddd0.dir/CheckSymbolExists.cxx.o
/usr/bin/c++    -I/usr/include/qt4   -o CMakeFiles/cmTC_9ddd0.dir/CheckSymbolExists.cxx.o -c /home/pi/catkin_py/catkin_robo_ws/build/CMakeFiles/CMakeTmp/CheckSymbolExists.cxx
/home/pi/catkin_py/catkin_robo_ws/build/CMakeFiles/CMakeTmp/CheckSymbolExists.cxx: In function ‘int main(int, char**)’:
/home/pi/catkin_py/catkin_robo_ws/build/CMakeFiles/CMakeTmp/CheckSymbolExists.cxx:8:19: error: ‘Q_WS_MAC’ was not declared in this scope
   return ((int*)(&Q_WS_MAC))[argc];
                   ^
CMakeFiles/cmTC_9ddd0.dir/build.make:65: recipe for target 'CMakeFiles/cmTC_9ddd0.dir/CheckSymbolExists.cxx.o' failed
make[1]: *** [CMakeFiles/cmTC_9ddd0.dir/CheckSymbolExists.cxx.o] Error 1
make[1]: Leaving directory '/home/pi/catkin_py/catkin_robo_ws/build/CMakeFiles/CMakeTmp'
Makefile:126: recipe for target 'cmTC_9ddd0/fast' failed
make: *** [cmTC_9ddd0/fast] Error 2

File /home/pi/catkin_py/catkin_robo_ws/build/CMakeFiles/CMakeTmp/CheckSymbolExists.cxx:
/* */
#include <QtCore/qglobal.h>

int main(int argc, char** argv)
{
  (void)argv;
#ifndef Q_WS_MAC
  return ((int*)(&Q_WS_MAC))[argc];
#else
  (void)argc;
  return 0;
#endif
}

